C:\Users\Breakfast\Desktop\CreaCiv\CreaCiv\\bin\Debug_s\CreaCiv.pdb
C:\USERS\BREAKFAST\DESKTOP\CREACIV\CREACIV\BIN\DEBUG_S\CREACIV.EXE
C:\USERS\BREAKFAST\DESKTOP\CREACIV\CREACIV\CREACIV\DEBUG_S\ATH.OBJ
C:\Users\Breakfast\Desktop\CreaCiv\CreaCiv\CreaCiv\Debug_s\cl.command.1.tlog
C:\Users\Breakfast\Desktop\CreaCiv\CreaCiv\CreaCiv\Debug_s\CL.read.1.tlog
C:\Users\Breakfast\Desktop\CreaCiv\CreaCiv\CreaCiv\Debug_s\CL.write.1.tlog
C:\USERS\BREAKFAST\DESKTOP\CREACIV\CREACIV\CREACIV\DEBUG_S\COLON.OBJ
C:\Users\Breakfast\Desktop\CreaCiv\CreaCiv\CreaCiv\Debug_s\CreaCiv.exe.intermediate.manifest
C:\USERS\BREAKFAST\DESKTOP\CREACIV\CREACIV\CREACIV\DEBUG_S\DATACENTER.OBJ
C:\USERS\BREAKFAST\DESKTOP\CREACIV\CREACIV\CREACIV\DEBUG_S\EVENTMANAGER.OBJ
C:\USERS\BREAKFAST\DESKTOP\CREACIV\CREACIV\CREACIV\DEBUG_S\FSM.OBJ
C:\USERS\BREAKFAST\DESKTOP\CREACIV\CREACIV\CREACIV\DEBUG_S\GAME.OBJ
C:\USERS\BREAKFAST\DESKTOP\CREACIV\CREACIV\CREACIV\DEBUG_S\GENERAL_IA.OBJ
C:\USERS\BREAKFAST\DESKTOP\CREACIV\CREACIV\CREACIV\DEBUG_S\GUERRIER.OBJ
C:\USERS\BREAKFAST\DESKTOP\CREACIV\CREACIV\CREACIV\DEBUG_S\IA.OBJ
C:\Users\Breakfast\Desktop\CreaCiv\CreaCiv\CreaCiv\Debug_s\link.command.1.tlog
C:\Users\Breakfast\Desktop\CreaCiv\CreaCiv\CreaCiv\Debug_s\link.read.1.tlog
C:\Users\Breakfast\Desktop\CreaCiv\CreaCiv\CreaCiv\Debug_s\link.write.1.tlog
C:\USERS\BREAKFAST\DESKTOP\CREACIV\CREACIV\CREACIV\DEBUG_S\MAIN.OBJ
C:\USERS\BREAKFAST\DESKTOP\CREACIV\CREACIV\CREACIV\DEBUG_S\MAP.OBJ
C:\Users\Breakfast\Desktop\CreaCiv\CreaCiv\CreaCiv\Debug_s\mt.command.1.tlog
C:\Users\Breakfast\Desktop\CreaCiv\CreaCiv\CreaCiv\Debug_s\mt.read.1.tlog
C:\Users\Breakfast\Desktop\CreaCiv\CreaCiv\CreaCiv\Debug_s\mt.write.1.tlog
C:\Users\Breakfast\Desktop\CreaCiv\CreaCiv\CreaCiv\Debug_s\vc100.idb
C:\USERS\BREAKFAST\DESKTOP\CREACIV\CREACIV\CREACIV\DEBUG_S\VC100.PDB
C:\USERS\BREAKFAST\DESKTOP\CREACIV\CREACIV\CREACIV\DEBUG_S\VILLE.OBJ
